INFO:src.app.models:UPDATE user SET email = ?, password = ? WHERE id = ?
INFO:src.app.models:INSERT INTO user(email, password) values(?, ?)
INFO:src.app.models:UPDATE user SET email = ?, password = ? WHERE id = ?
INFO:src.app.models:UPDATE user SET email = ?, password = ? WHERE id = ?
INFO:src.app.lib:UPDATE user SET email = ?, password = ? WHERE id = ?
INFO:src.app.base:INSERT INTO user(email, password) values(?, ?)
INFO:src.app.base:['INSERT INTO user(email, password) values(?, ?)', ['devtryouts@gmail.com', b'$2b$12$XrsyjZZBKN5kxJwEPFAE4OeQ2N6Ge7afY2qVEuXVzv4UujtINaSwS']]
INFO:src.app.base:['INSERT INTO user(email, password) values(?, ?)', ['devtryouts@gmail.com', b'$2b$12$XrsyjZZBKN5kxJwEPFAE4OeQ2N6Ge7afY2qVEuXVzv4UujtINaSwS']]
INFO:src.app.base:['INSERT INTO user(email, password) values(?, ?)', ['devtryouts@gmail.com', b'$2b$12$4/eWJlB0kjD0ijz/9iqZ8eseBkIz4gH7UlrYsbTDkl0bBh2xgqSKW']]
INFO:src.app.db.base:[INSERT INTO "user" ("e","m","a","i","l",","," ","p","a","s","s","w","o","r","d") VALUES (?,?,?,?,?,?,?,?,?,?,?,?,?,?,?), ['samweru@gmail.com', b'$2b$12$yeLJZe3gZ6qXFCTq6SKfH.PsbwEsWoLKEGQ5lv84nZxaDg9kkPq36']]
INFO:src.app.db.base:['INSERT INTO "user" ("e","m","a","i","l",","," ","p","a","s","s","w","o","r","d") VALUES (?,?,?,?,?,?,?,?,?,?,?,?,?,?,?)', ['samweru@gmail.com', b'$2b$12$XGyriMHs1vBg9nd52HWkiuZdhlkD4L/HciFTokF9.zaF7uyqvNz02']]
INFO:src.app.db.base:['INSERT INTO "user" ("email","password") VALUES (?,?,?,?,?,?,?,?,?,?,?,?,?,?,?)', ['samweru@gmail.com', b'$2b$12$dA9jVMcWfEa0J9Z0NRw0xu.RWBLXwH2w/r9pNcEVfEy8p3KuuerIa']]
INFO:src.app.db.base:['INSERT INTO "user" ("email","password") VALUES (?,?)', ['samweru@gmail.com', b'$2b$12$JfMdvrrTQegmj7GpoF25pOCW0zKq5CN7b5JastEHCEWVnxqspoje2']]
INFO:src.app.db.base:['INSERT INTO "user" ("email","password") VALUES (?,?)', ['samweru@gmail.com', b'$2b$12$3vqiwxDE27l9m7r8JJv59enhONChZ7BpGO/0oadXOulM7A6dNmDHi']]
INFO:src.app.db.base:['', ['pitsolu@gmail.com', b'$2b$12$vT/QqQx2O8J44E.TF7M3CO7VlDVrZKMQkoxc55MBz0SF7Ndt7nLsq', 1]]
INFO:src.app.db.base:['', ['pitsolu@gmail.com', b'$2b$12$vT/QqQx2O8J44E.TF7M3CO7VlDVrZKMQkoxc55MBz0SF7Ndt7nLsq', 1]]
INFO:src.app.db.base:['', ['pitsolu@gmail.com', b'$2b$12$vT/QqQx2O8J44E.TF7M3CO7VlDVrZKMQkoxc55MBz0SF7Ndt7nLsq', 1]]
INFO:src.app.db.base:['', ['pitsolu@gmail.com', b'$2b$12$vT/QqQx2O8J44E.TF7M3CO7VlDVrZKMQkoxc55MBz0SF7Ndt7nLsq', 1]]
INFO:src.app.db.base:['UPDATE "user" SET "email"=?,"password"=?,"id"=? WHERE "id"=?', ['pitsolu@gmail.com', b'$2b$12$vT/QqQx2O8J44E.TF7M3CO7VlDVrZKMQkoxc55MBz0SF7Ndt7nLsq', 1]]
INFO:src.app.db.base:['UPDATE "user" SET "email"=?,"password"=?,"id"=? WHERE "id"=?', ['pitsolu@gmail.com', b'$2b$12$vT/QqQx2O8J44E.TF7M3CO7VlDVrZKMQkoxc55MBz0SF7Ndt7nLsq', 1]]
INFO:src.app.db.base:['UPDATE "user" SET "email"=?,"password"=?,"id"=? WHERE "id"=?', ['pitsolu@gmail.com', b'$2b$12$vT/QqQx2O8J44E.TF7M3CO7VlDVrZKMQkoxc55MBz0SF7Ndt7nLsq', 1]]
INFO:src.app.db.base:['UPDATE "user" SET "email"=?,"password"=? WHERE "id"=?', ['pitsolu@gmail.com', b'$2b$12$vT/QqQx2O8J44E.TF7M3CO7VlDVrZKMQkoxc55MBz0SF7Ndt7nLsq', 1]]
INFO:src.app.db.base:['UPDATE "user" SET "email"=?,"password"=? WHERE "id"=?', ['pitsolu@gmail.com', b'$2b$12$TKPFjnhXYqykJc7XeWZrleSNa7hzSOGnV39vNo4vr8BnN.zXqmPjy', 1]]
